[INFO ] 2019-05-28 21:28:53.398 [main] ToyCreator - List of toy successfully created.
[INFO ] 2019-05-28 21:29:11.985 [main] ToyCreator - List of toy successfully created.
[INFO ] 2019-05-28 21:33:24.711 [main] ToyCreator - List of toy successfully created.
[INFO ] 2019-05-28 21:34:49.821 [main] ToyCreator - List of toy successfully created.
[INFO ] 2019-05-28 23:12:18.480 [main] ToyCreator - List of toy successfully created.
[INFO ] 2019-05-29 00:21:41.016 [main] RoomCreator - Incorrect line: RoomForChildren, 1245.4
[INFO ] 2019-05-29 00:27:08.930 [main] RoomCreator - Incorrect line: RoomForChildren, 1245.4
[INFO ] 2019-05-29 00:33:21.310 [main] RoomCreator - Incorrect line: RoomForChildren, 1245.4
[INFO ] 2019-05-29 00:34:12.625 [main] RoomCreator - Incorrect line: RoomForChildren, 1245.4
[INFO ] 2019-05-29 00:35:14.782 [main] RoomCreator - Incorrect line: RoomForChildren, 1245.4
[INFO ] 2019-05-29 00:35:29.011 [main] RoomCreator - Incorrect line: RoomForChildren, 1245.4
[INFO ] 2019-05-29 00:40:31.650 [main] RoomCreator - Incorrect line: RoomForChildren, 1245.4
[INFO ] 2019-05-29 00:40:31.665 [main] ToyCreator - List of toy successfully created.
[INFO ] 2019-05-29 00:42:48.904 [main] RoomCreator - Incorrect line: RoomForChildren, 1245.4
[INFO ] 2019-05-29 00:42:48.935 [main] ToyCreator - List of toy successfully created.
[INFO ] 2019-05-29 00:45:49.823 [main] RoomCreator - Incorrect line: RoomForChildren, 1245.4
[INFO ] 2019-05-29 00:45:49.858 [main] ToyCreator - List of toy successfully created.
[INFO ] 2019-05-29 00:47:59.450 [main] RoomCreator - Room successfully created: RoomForChildren
[INFO ] 2019-05-29 00:47:59.481 [main] ToyCreator - List of toy successfully created.
[INFO ] 2019-05-29 00:50:26.789 [main] RoomCreator - Room successfully created: RoomForChildren
[INFO ] 2019-05-29 00:50:26.821 [main] ToyCreator - List of toy successfully created.
[INFO ] 2019-05-29 16:50:43.036 [main] RoomCreator - Room successfully created: RoomForChildren
[INFO ] 2019-05-29 16:50:43.045 [main] ApplicationStorage - Storage created.
[INFO ] 2019-05-29 16:52:26.564 [main] RoomCreator - Room successfully created: RoomForChildren
[INFO ] 2019-05-29 16:52:26.574 [main] ApplicationStorage - Storage created.
[INFO ] 2019-05-29 16:52:26.580 [main] ToyCreator - Toy successfully added: Cab
[INFO ] 2019-05-29 16:52:26.582 [main] ToyCreator - Toy successfully added: Soccer
[INFO ] 2019-05-29 16:52:26.583 [main] ToyCreator - Toy successfully added: Basketball
[INFO ] 2019-05-29 16:52:26.583 [main] ToyCreator - Toy successfully added: JEEP
[INFO ] 2019-05-29 16:52:26.584 [main] ToyCreator - Toy successfully added: Cubes
[INFO ] 2019-05-29 16:52:26.584 [main] ToyCreator - Toy successfully added: Barbie
[INFO ] 2019-05-29 16:52:26.584 [main] ToyCreator - Toy successfully added: Drive
[INFO ] 2019-05-29 16:52:26.585 [main] ToyCreator - Toy successfully added: Big
[INFO ] 2019-05-29 16:52:26.585 [main] ToyCreator - Toy successfully added: Fanny
[INFO ] 2019-05-29 16:52:26.587 [main] ToyCreator - Toy successfully added: Police
[INFO ] 2019-05-29 16:52:26.587 [main] ToyCreator - Toy successfully added: Dancer
[INFO ] 2019-05-29 16:52:26.588 [main] ToyCreator - Toy successfully added: Dancer
[INFO ] 2019-05-29 16:58:10.845 [main] RoomCreator - Room successfully created: RoomForChildren
[INFO ] 2019-05-29 16:58:10.895 [main] ApplicationStorage - Storage created.
[INFO ] 2019-05-29 17:00:32.448 [main] ToyCreator - Toy successfully added: Cab
[INFO ] 2019-05-29 17:00:32.522 [main] ToyCreator - Toy successfully added: Soccer
[INFO ] 2019-05-29 17:00:32.524 [main] ToyCreator - Toy successfully added: Basketball
[INFO ] 2019-05-29 17:00:32.524 [main] ToyCreator - Toy successfully added: JEEP
[INFO ] 2019-05-29 17:00:32.524 [main] ToyCreator - Toy successfully added: Cubes
[INFO ] 2019-05-29 17:00:32.525 [main] ToyCreator - Toy successfully added: Barbie
[INFO ] 2019-05-29 17:00:32.525 [main] ToyCreator - Toy successfully added: Drive
[INFO ] 2019-05-29 17:00:32.526 [main] ToyCreator - Toy successfully added: Big
[INFO ] 2019-05-29 17:00:32.527 [main] ToyCreator - Toy successfully added: Fanny
[INFO ] 2019-05-29 17:00:32.528 [main] ToyCreator - Toy successfully added: Police
[INFO ] 2019-05-29 17:00:32.530 [main] ToyCreator - Toy successfully added: Dancer
[INFO ] 2019-05-29 17:00:32.530 [main] ToyCreator - Toy successfully added: Dancer
[INFO ] 2019-05-29 17:01:19.638 [main] RoomCreator - Room successfully created: RoomForChildren
[INFO ] 2019-05-29 17:01:19.660 [main] ApplicationStorage - Storage created.
[INFO ] 2019-05-29 17:03:01.319 [main] ToyCreator - Toy successfully added: Cab
[INFO ] 2019-05-29 17:03:01.321 [main] ToyCreator - Toy successfully added: Soccer
[INFO ] 2019-05-29 17:03:01.323 [main] ToyCreator - Toy successfully added: Basketball
[INFO ] 2019-05-29 17:03:01.323 [main] ToyCreator - Toy successfully added: JEEP
[INFO ] 2019-05-29 17:03:01.323 [main] ToyCreator - Toy successfully added: Cubes
[INFO ] 2019-05-29 17:03:01.324 [main] ToyCreator - Toy successfully added: Barbie
[INFO ] 2019-05-29 17:03:01.324 [main] ToyCreator - Toy successfully added: Drive
[INFO ] 2019-05-29 17:03:01.324 [main] ToyCreator - Toy successfully added: Big
[INFO ] 2019-05-29 17:03:01.326 [main] ToyCreator - Toy successfully added: Fanny
[INFO ] 2019-05-29 17:03:01.326 [main] ToyCreator - Toy successfully added: Police
[INFO ] 2019-05-29 17:03:01.326 [main] ToyCreator - Toy successfully added: Dancer
[INFO ] 2019-05-29 17:03:01.327 [main] ToyCreator - Toy successfully added: Dancer
[INFO ] 2019-05-29 17:03:15.372 [main] RoomCreator - Room successfully created: RoomForChildren
[INFO ] 2019-05-29 17:03:15.394 [main] ApplicationStorage - Storage created.
[INFO ] 2019-05-29 17:03:47.710 [main] ToyCreator - Toy successfully added: Cab
[INFO ] 2019-05-29 17:03:47.711 [main] ToyCreator - Toy successfully added: Soccer
[INFO ] 2019-05-29 17:03:47.713 [main] ToyCreator - Toy successfully added: Basketball
[INFO ] 2019-05-29 17:03:47.713 [main] ToyCreator - Toy successfully added: JEEP
[INFO ] 2019-05-29 17:03:47.713 [main] ToyCreator - Toy successfully added: Cubes
[INFO ] 2019-05-29 17:03:47.714 [main] ToyCreator - Toy successfully added: Barbie
[INFO ] 2019-05-29 17:03:47.714 [main] ToyCreator - Toy successfully added: Drive
[INFO ] 2019-05-29 17:03:47.714 [main] ToyCreator - Toy successfully added: Big
[INFO ] 2019-05-29 17:03:47.715 [main] ToyCreator - Toy successfully added: Fanny
[INFO ] 2019-05-29 17:03:47.715 [main] ToyCreator - Toy successfully added: Police
[INFO ] 2019-05-29 17:03:47.716 [main] ToyCreator - Toy successfully added: Dancer
[INFO ] 2019-05-29 17:03:47.716 [main] ToyCreator - Toy successfully added: Dancer
[INFO ] 2019-05-29 17:04:11.356 [main] RoomCreator - Room successfully created: RoomForChildren
[INFO ] 2019-05-29 17:04:11.386 [main] ApplicationStorage - Storage created.
[INFO ] 2019-05-29 17:04:42.016 [main] ToyCreator - Toy successfully added: Cab
[INFO ] 2019-05-29 17:04:42.018 [main] ToyCreator - Toy successfully added: Soccer
[INFO ] 2019-05-29 17:04:42.021 [main] ToyCreator - Toy successfully added: Basketball
[INFO ] 2019-05-29 17:04:42.021 [main] ToyCreator - Toy successfully added: JEEP
[INFO ] 2019-05-29 17:04:42.022 [main] ToyCreator - Toy successfully added: Cubes
[INFO ] 2019-05-29 17:04:42.022 [main] ToyCreator - Toy successfully added: Barbie
[INFO ] 2019-05-29 17:04:42.022 [main] ToyCreator - Toy successfully added: Drive
[INFO ] 2019-05-29 17:04:42.023 [main] ToyCreator - Toy successfully added: Big
[INFO ] 2019-05-29 17:04:42.023 [main] ToyCreator - Toy successfully added: Fanny
[INFO ] 2019-05-29 17:04:42.024 [main] ToyCreator - Toy successfully added: Police
[INFO ] 2019-05-29 17:04:42.024 [main] ToyCreator - Toy successfully added: Dancer
[INFO ] 2019-05-29 17:04:42.025 [main] ToyCreator - Toy successfully added: Dancer
[INFO ] 2019-05-29 17:11:14.046 [main] RoomCreator - Room successfully created: RoomForChildren
[INFO ] 2019-05-29 17:11:14.059 [main] ApplicationStorage - Storage created.
[INFO ] 2019-05-29 17:11:51.758 [main] ToyCreator - Toy successfully added: Cab
[INFO ] 2019-05-29 17:11:51.759 [main] ToyCreator - Toy successfully added: Soccer
[INFO ] 2019-05-29 17:11:51.761 [main] ToyCreator - Toy successfully added: Basketball
[INFO ] 2019-05-29 17:11:51.761 [main] ToyCreator - Toy successfully added: JEEP
[INFO ] 2019-05-29 17:11:51.763 [main] ToyCreator - Toy successfully added: Cubes
[INFO ] 2019-05-29 17:11:51.763 [main] ToyCreator - Toy successfully added: Barbie
[INFO ] 2019-05-29 17:11:51.764 [main] ToyCreator - Toy successfully added: Drive
[INFO ] 2019-05-29 17:11:51.764 [main] ToyCreator - Toy successfully added: Big
[INFO ] 2019-05-29 17:11:51.765 [main] ToyCreator - Toy successfully added: Fanny
[INFO ] 2019-05-29 17:11:51.765 [main] ToyCreator - Toy successfully added: Police
[INFO ] 2019-05-29 17:11:51.767 [main] ToyCreator - Toy successfully added: Dancer
[INFO ] 2019-05-29 17:11:51.767 [main] ToyCreator - Toy successfully added: Dancer
[INFO ] 2019-05-29 17:12:43.504 [main] RoomCreator - Room successfully created: RoomForChildren
[INFO ] 2019-05-29 17:12:43.520 [main] ApplicationStorage - Storage created.
[INFO ] 2019-05-29 17:13:29.551 [main] ToyCreator - Toy successfully added: Cab
[INFO ] 2019-05-29 17:13:29.551 [main] ToyCreator - Toy successfully added: Soccer
[INFO ] 2019-05-29 17:13:29.551 [main] ToyCreator - Toy successfully added: Basketball
[INFO ] 2019-05-29 17:13:29.551 [main] ToyCreator - Toy successfully added: JEEP
[INFO ] 2019-05-29 17:13:29.551 [main] ToyCreator - Toy successfully added: Cubes
[INFO ] 2019-05-29 17:13:29.551 [main] ToyCreator - Toy successfully added: Barbie
[INFO ] 2019-05-29 17:13:29.551 [main] ToyCreator - Toy successfully added: Drive
[INFO ] 2019-05-29 17:13:29.551 [main] ToyCreator - Toy successfully added: Big
[INFO ] 2019-05-29 17:13:29.551 [main] ToyCreator - Toy successfully added: Fanny
[INFO ] 2019-05-29 17:13:29.551 [main] ToyCreator - Toy successfully added: Police
[INFO ] 2019-05-29 17:13:29.551 [main] ToyCreator - Toy successfully added: Dancer
[INFO ] 2019-05-29 17:13:29.566 [main] ToyCreator - Toy successfully added: Dancer
[INFO ] 2019-05-29 17:13:43.785 [main] RoomCreator - Room successfully created: RoomForChildren
[INFO ] 2019-05-29 17:13:43.800 [main] ApplicationStorage - Storage created.
[INFO ] 2019-05-29 17:14:27.110 [main] ToyCreator - Toy successfully added: Cab
[INFO ] 2019-05-29 17:14:27.110 [main] ToyCreator - Toy successfully added: Soccer
[INFO ] 2019-05-29 17:14:27.126 [main] ToyCreator - Toy successfully added: Basketball
[INFO ] 2019-05-29 17:14:27.126 [main] ToyCreator - Toy successfully added: JEEP
[INFO ] 2019-05-29 17:14:27.126 [main] ToyCreator - Toy successfully added: Cubes
[INFO ] 2019-05-29 17:14:27.126 [main] ToyCreator - Toy successfully added: Barbie
[INFO ] 2019-05-29 17:14:27.126 [main] ToyCreator - Toy successfully added: Drive
[INFO ] 2019-05-29 17:14:27.126 [main] ToyCreator - Toy successfully added: Big
[INFO ] 2019-05-29 17:14:27.126 [main] ToyCreator - Toy successfully added: Fanny
[INFO ] 2019-05-29 17:14:27.126 [main] ToyCreator - Toy successfully added: Police
[INFO ] 2019-05-29 17:14:27.126 [main] ToyCreator - Toy successfully added: Dancer
[INFO ] 2019-05-29 17:14:27.126 [main] ToyCreator - Toy successfully added: Dancer
[INFO ] 2019-05-29 17:14:41.741 [main] RoomCreator - Room successfully created: RoomForChildren
[INFO ] 2019-05-29 17:14:41.757 [main] ApplicationStorage - Storage created.
[INFO ] 2019-05-29 17:18:33.042 [main] ToyCreator - Toy successfully added: Cab
[INFO ] 2019-05-29 17:18:33.045 [main] ToyCreator - Toy successfully added: Soccer
[INFO ] 2019-05-29 17:18:33.046 [main] ToyCreator - Toy successfully added: Basketball
[INFO ] 2019-05-29 17:18:33.046 [main] ToyCreator - Toy successfully added: JEEP
[INFO ] 2019-05-29 17:18:33.046 [main] ToyCreator - Toy successfully added: Cubes
[INFO ] 2019-05-29 17:18:33.047 [main] ToyCreator - Toy successfully added: Barbie
[INFO ] 2019-05-29 17:18:33.047 [main] ToyCreator - Toy successfully added: Drive
[INFO ] 2019-05-29 17:18:33.047 [main] ToyCreator - Toy successfully added: Big
[INFO ] 2019-05-29 17:18:33.048 [main] ToyCreator - Toy successfully added: Fanny
[INFO ] 2019-05-29 17:18:33.049 [main] ToyCreator - Toy successfully added: Police
[INFO ] 2019-05-29 17:18:33.049 [main] ToyCreator - Toy successfully added: Dancer
[INFO ] 2019-05-29 17:18:33.050 [main] ToyCreator - Toy successfully added: Dancer
[INFO ] 2019-05-29 17:20:06.964 [main] RoomCreator - Room successfully created: RoomForChildren
[INFO ] 2019-05-29 17:20:06.989 [main] ApplicationStorage - Storage created.
[INFO ] 2019-05-29 17:20:29.832 [main] ToyCreator - Toy successfully added: Cab
[INFO ] 2019-05-29 17:20:29.833 [main] ToyCreator - Toy successfully added: Soccer
[INFO ] 2019-05-29 17:20:29.835 [main] ToyCreator - Toy successfully added: Basketball
[INFO ] 2019-05-29 17:20:29.835 [main] ToyCreator - Toy successfully added: JEEP
[INFO ] 2019-05-29 17:20:29.836 [main] ToyCreator - Toy successfully added: Cubes
[INFO ] 2019-05-29 17:20:29.836 [main] ToyCreator - Toy successfully added: Barbie
[INFO ] 2019-05-29 17:20:29.836 [main] ToyCreator - Toy successfully added: Drive
[INFO ] 2019-05-29 17:20:29.837 [main] ToyCreator - Toy successfully added: Big
[INFO ] 2019-05-29 17:20:29.837 [main] ToyCreator - Toy successfully added: Fanny
[INFO ] 2019-05-29 17:20:29.838 [main] ToyCreator - Toy successfully added: Police
[INFO ] 2019-05-29 17:20:29.838 [main] ToyCreator - Toy successfully added: Dancer
[INFO ] 2019-05-29 17:20:29.838 [main] ToyCreator - Toy successfully added: Dancer
[INFO ] 2019-05-29 17:22:08.911 [main] RoomCreator - Room successfully created: RoomForChildren
[INFO ] 2019-05-29 17:22:08.925 [main] ApplicationStorage - Storage created.
[INFO ] 2019-05-29 17:22:08.932 [main] ToyCreator - Toy successfully added: Cab
[INFO ] 2019-05-29 17:22:08.934 [main] ToyCreator - Toy successfully added: Soccer
[INFO ] 2019-05-29 17:22:08.935 [main] ToyCreator - Toy successfully added: Basketball
[INFO ] 2019-05-29 17:22:08.935 [main] ToyCreator - Toy successfully added: JEEP
[INFO ] 2019-05-29 17:22:08.936 [main] ToyCreator - Toy successfully added: Cubes
[INFO ] 2019-05-29 17:22:08.936 [main] ToyCreator - Toy successfully added: Barbie
[INFO ] 2019-05-29 17:22:08.936 [main] ToyCreator - Toy successfully added: Drive
[INFO ] 2019-05-29 17:22:08.937 [main] ToyCreator - Toy successfully added: Big
[INFO ] 2019-05-29 17:22:08.937 [main] ToyCreator - Toy successfully added: Fanny
[INFO ] 2019-05-29 17:22:08.937 [main] ToyCreator - Toy successfully added: Police
[INFO ] 2019-05-29 17:22:08.938 [main] ToyCreator - Toy successfully added: Dancer
[INFO ] 2019-05-29 17:22:08.938 [main] ToyCreator - Toy successfully added: Dancer
[INFO ] 2019-05-29 17:24:50.624 [main] RoomCreator - Room successfully created: RoomForChildren
[INFO ] 2019-05-29 17:24:50.633 [main] ApplicationStorage - Storage created.
[INFO ] 2019-05-29 17:24:50.638 [main] ToyCreator - Toy successfully added: Cab
[INFO ] 2019-05-29 17:24:50.640 [main] ToyCreator - Toy successfully added: SoccerBall
[INFO ] 2019-05-29 17:24:50.640 [main] ToyCreator - Toy successfully added: Basketball
[INFO ] 2019-05-29 17:24:50.640 [main] ToyCreator - Toy successfully added: JEEP
[INFO ] 2019-05-29 17:24:50.641 [main] ToyCreator - Toy successfully added: Cubes
[INFO ] 2019-05-29 17:24:50.641 [main] ToyCreator - Toy successfully added: Barbie
[INFO ] 2019-05-29 17:24:50.641 [main] ToyCreator - Toy successfully added: Drivecar
[INFO ] 2019-05-29 17:24:50.642 [main] ToyCreator - Toy successfully added: Bigball
[INFO ] 2019-05-29 17:24:50.642 [main] ToyCreator - Toy successfully added: FannyCubes
[INFO ] 2019-05-29 17:24:50.642 [main] ToyCreator - Toy successfully added: PoliceCar
[INFO ] 2019-05-29 17:24:50.643 [main] ToyCreator - Toy successfully added: Dancer
[INFO ] 2019-05-29 17:24:50.643 [main] ToyCreator - Toy successfully added: Dancer
[INFO ] 2019-05-29 17:26:30.485 [main] RoomCreator - Room successfully created: RoomForChildren
[INFO ] 2019-05-29 17:26:30.498 [main] ApplicationStorage - Storage created.
[INFO ] 2019-05-29 17:26:30.503 [main] ToyCreator - Toy successfully added: Cab
[INFO ] 2019-05-29 17:26:30.504 [main] ToyCreator - Toy successfully added: SoccerBall
[INFO ] 2019-05-29 17:26:30.504 [main] ToyCreator - Toy successfully added: Basketball
[INFO ] 2019-05-29 17:26:30.506 [main] ToyCreator - Toy successfully added: JEEP
[INFO ] 2019-05-29 17:26:30.507 [main] ToyCreator - Toy successfully added: Cubes
[INFO ] 2019-05-29 17:26:30.507 [main] ToyCreator - Toy successfully added: Barbie
[INFO ] 2019-05-29 17:26:30.507 [main] ToyCreator - Toy successfully added: Drive_car
[INFO ] 2019-05-29 17:26:30.508 [main] ToyCreator - Toy successfully added: Big_ball
[INFO ] 2019-05-29 17:26:30.508 [main] ToyCreator - Toy successfully added: Fanny_Cubes
[INFO ] 2019-05-29 17:26:30.508 [main] ToyCreator - Toy successfully added: Police_Car
[INFO ] 2019-05-29 17:26:30.509 [main] ToyCreator - Toy successfully added: Dancer
[INFO ] 2019-05-29 17:26:30.509 [main] ToyCreator - Toy successfully added: Dancer
[INFO ] 2019-05-30 00:36:04.155 [main] GameRoomStorage - Storage created.
[INFO ] 2019-05-30 00:36:04.155 [main] RoomCreator - Room successfully created: RoomForChildren
[INFO ] 2019-05-30 00:36:04.170 [main] AdditionToy - Toy successfully added: Cab
[INFO ] 2019-05-30 00:36:04.170 [main] AdditionToy - Toy successfully added: SoccerBall
[INFO ] 2019-05-30 00:36:04.170 [main] AdditionToy - Toy successfully added: Basketball
[INFO ] 2019-05-30 00:36:04.170 [main] AdditionToy - Toy successfully added: JEEP
[INFO ] 2019-05-30 00:36:04.170 [main] AdditionToy - Toy successfully added: Cubes
[INFO ] 2019-05-30 00:36:04.170 [main] AdditionToy - Toy successfully added: Barbie
[INFO ] 2019-05-30 00:36:04.170 [main] AdditionToy - Toy successfully added: Drive_car
[INFO ] 2019-05-30 00:36:04.170 [main] AdditionToy - Toy successfully added: Big_ball
[INFO ] 2019-05-30 00:36:04.170 [main] AdditionToy - Toy successfully added: Fanny_Cubes
[INFO ] 2019-05-30 00:36:04.170 [main] AdditionToy - Toy successfully added: Police_Car
[INFO ] 2019-05-30 00:36:04.170 [main] AdditionToy - Toy successfully added: Dancer
[INFO ] 2019-05-30 00:36:04.170 [main] AdditionToy - Toy successfully added: Dancer
[INFO ] 2019-05-30 00:43:00.707 [main] GameRoomStorage - Storage created.
[INFO ] 2019-05-30 00:43:00.709 [main] RoomCreator - Room successfully created: RoomForChildren
[INFO ] 2019-05-30 00:43:00.733 [main] AdditionToy - Toy successfully added: Cab
[INFO ] 2019-05-30 00:43:00.734 [main] AdditionToy - Toy successfully added: SoccerBall
[INFO ] 2019-05-30 00:43:00.734 [main] AdditionToy - Toy successfully added: Basketball
[INFO ] 2019-05-30 00:43:00.735 [main] AdditionToy - Toy successfully added: JEEP
[INFO ] 2019-05-30 00:43:00.735 [main] AdditionToy - Toy successfully added: Cubes
[INFO ] 2019-05-30 00:43:00.735 [main] AdditionToy - Toy successfully added: Barbie
[INFO ] 2019-05-30 00:43:00.736 [main] AdditionToy - Toy successfully added: Drive_car
[INFO ] 2019-05-30 00:43:00.736 [main] AdditionToy - Toy successfully added: Big_ball
[INFO ] 2019-05-30 00:43:00.737 [main] AdditionToy - Toy successfully added: Fanny_Cubes
[INFO ] 2019-05-30 00:43:00.737 [main] AdditionToy - Toy successfully added: Police_Car
[INFO ] 2019-05-30 00:43:00.737 [main] AdditionToy - Toy successfully added: Dancer
[INFO ] 2019-05-30 00:43:00.738 [main] AdditionToy - Toy successfully added: Dancer
[INFO ] 2019-05-30 00:43:26.086 [main] GameRoomStorage - Storage created.
[INFO ] 2019-05-30 00:43:26.089 [main] RoomCreator - Room successfully created: RoomForChildren
[INFO ] 2019-05-30 00:43:26.103 [main] AdditionToy - Toy successfully added: Cab
[INFO ] 2019-05-30 00:43:26.105 [main] AdditionToy - Toy successfully added: SoccerBall
[INFO ] 2019-05-30 00:43:26.106 [main] AdditionToy - Toy successfully added: Basketball
[INFO ] 2019-05-30 00:43:26.107 [main] AdditionToy - Toy successfully added: JEEP
[INFO ] 2019-05-30 00:43:26.107 [main] AdditionToy - Toy successfully added: Cubes
[INFO ] 2019-05-30 00:43:26.107 [main] AdditionToy - Toy successfully added: Barbie
[INFO ] 2019-05-30 00:43:26.108 [main] AdditionToy - Toy successfully added: Drive_car
[INFO ] 2019-05-30 00:43:26.108 [main] AdditionToy - Toy successfully added: Big_ball
[INFO ] 2019-05-30 00:43:26.109 [main] AdditionToy - Toy successfully added: Fanny_Cubes
[INFO ] 2019-05-30 00:43:26.109 [main] AdditionToy - Toy successfully added: Police_Car
[INFO ] 2019-05-30 00:43:26.109 [main] AdditionToy - Toy successfully added: Dancer
[INFO ] 2019-05-30 00:43:26.109 [main] AdditionToy - Toy successfully added: Dancer
[INFO ] 2019-05-30 00:45:15.554 [main] GameRoomStorage - Storage created.
[INFO ] 2019-05-30 00:45:15.557 [main] RoomCreator - Room successfully created: RoomForChildren
[INFO ] 2019-05-30 00:45:15.578 [main] AdditionToy - Toy successfully added: Cab
[INFO ] 2019-05-30 00:45:15.579 [main] AdditionToy - Toy successfully added: SoccerBall
[INFO ] 2019-05-30 00:45:15.580 [main] AdditionToy - Toy successfully added: Basketball
[INFO ] 2019-05-30 00:45:15.580 [main] AdditionToy - Toy successfully added: JEEP
[INFO ] 2019-05-30 00:45:15.581 [main] AdditionToy - Toy successfully added: Cubes
[INFO ] 2019-05-30 00:45:15.581 [main] AdditionToy - Toy successfully added: Barbie
[INFO ] 2019-05-30 00:45:15.582 [main] AdditionToy - Toy successfully added: Drive_car
[INFO ] 2019-05-30 00:45:15.582 [main] AdditionToy - Toy successfully added: Big_ball
[INFO ] 2019-05-30 00:45:15.582 [main] AdditionToy - Toy successfully added: Fanny_Cubes
[INFO ] 2019-05-30 00:45:15.583 [main] AdditionToy - Toy successfully added: Police_Car
[INFO ] 2019-05-30 00:45:15.584 [main] AdditionToy - Toy successfully added: Dancer
[INFO ] 2019-05-30 00:45:15.584 [main] AdditionToy - Toy successfully added: Dancer
[INFO ] 2019-05-30 00:46:27.247 [main] GameRoomStorage - Storage created.
[INFO ] 2019-05-30 00:46:27.250 [main] RoomCreator - Room successfully created: RoomForChildren
[INFO ] 2019-05-30 00:46:27.267 [main] AdditionToy - Toy successfully added: Cab
[INFO ] 2019-05-30 00:46:27.267 [main] AdditionToy - Toy successfully added: SoccerBall
[INFO ] 2019-05-30 00:46:27.267 [main] AdditionToy - Toy successfully added: Basketball
[INFO ] 2019-05-30 00:46:27.268 [main] AdditionToy - Toy successfully added: JEEP
[INFO ] 2019-05-30 00:46:27.268 [main] AdditionToy - Toy successfully added: Cubes
[INFO ] 2019-05-30 00:46:27.268 [main] AdditionToy - Toy successfully added: Barbie
[INFO ] 2019-05-30 00:46:27.269 [main] AdditionToy - Toy successfully added: Drive_car
[INFO ] 2019-05-30 00:46:27.269 [main] AdditionToy - Toy successfully added: Big_ball
[INFO ] 2019-05-30 00:46:27.269 [main] AdditionToy - Toy successfully added: Fanny_Cubes
[INFO ] 2019-05-30 00:46:27.270 [main] AdditionToy - Toy successfully added: Police_Car
[INFO ] 2019-05-30 00:46:27.270 [main] AdditionToy - Toy successfully added: Dancer
[INFO ] 2019-05-30 00:46:27.271 [main] AdditionToy - Toy successfully added: Dancer
[INFO ] 2019-05-30 00:49:06.640 [main] GameRoomStorage - Storage created.
[INFO ] 2019-05-30 00:49:06.642 [main] RoomCreator - Room successfully created: RoomForChildren
[INFO ] 2019-05-30 00:49:06.657 [main] AdditionToy - Toy successfully added: Cab
[INFO ] 2019-05-30 00:49:06.658 [main] AdditionToy - Toy successfully added: SoccerBall
[INFO ] 2019-05-30 00:49:06.659 [main] AdditionToy - Toy successfully added: Basketball
[INFO ] 2019-05-30 00:49:06.660 [main] AdditionToy - Toy successfully added: JEEP
[INFO ] 2019-05-30 00:49:06.661 [main] AdditionToy - Toy successfully added: Cubes
[INFO ] 2019-05-30 00:49:06.661 [main] AdditionToy - Toy successfully added: Barbie
[INFO ] 2019-05-30 00:49:06.662 [main] AdditionToy - Toy successfully added: Drive_car
[INFO ] 2019-05-30 00:49:06.662 [main] AdditionToy - Toy successfully added: Big_ball
[INFO ] 2019-05-30 00:49:06.662 [main] AdditionToy - Toy successfully added: Fanny_Cubes
[INFO ] 2019-05-30 00:49:06.663 [main] AdditionToy - Toy successfully added: Police_Car
[INFO ] 2019-05-30 00:49:06.663 [main] AdditionToy - Toy successfully added: Dancer
[INFO ] 2019-05-30 00:49:06.663 [main] AdditionToy - Toy successfully added: Dancer
[INFO ] 2019-05-30 00:49:37.990 [main] GameRoomStorage - Storage created.
[INFO ] 2019-05-30 00:49:37.992 [main] RoomCreator - Room successfully created: RoomForChildren
[INFO ] 2019-05-30 00:49:38.004 [main] AdditionToy - Toy successfully added: Cab
[INFO ] 2019-05-30 00:49:38.004 [main] AdditionToy - Toy successfully added: SoccerBall
[INFO ] 2019-05-30 00:49:38.005 [main] AdditionToy - Toy successfully added: Basketball
[INFO ] 2019-05-30 00:49:38.005 [main] AdditionToy - Toy successfully added: JEEP
[INFO ] 2019-05-30 00:49:38.005 [main] AdditionToy - Toy successfully added: Cubes
[INFO ] 2019-05-30 00:49:38.006 [main] AdditionToy - Toy successfully added: Barbie
[INFO ] 2019-05-30 00:49:38.006 [main] AdditionToy - Toy successfully added: Drive_car
[INFO ] 2019-05-30 00:49:38.006 [main] AdditionToy - Toy successfully added: Big_ball
[INFO ] 2019-05-30 00:49:38.007 [main] AdditionToy - Toy successfully added: Fanny_Cubes
[INFO ] 2019-05-30 00:49:38.007 [main] AdditionToy - Toy successfully added: Police_Car
[INFO ] 2019-05-30 00:49:38.007 [main] AdditionToy - Toy successfully added: Dancer
[INFO ] 2019-05-30 00:49:38.008 [main] AdditionToy - Toy successfully added: Dancer
[INFO ] 2019-05-30 01:01:03.787 [main] GameRoomStorage - Storage created.
[INFO ] 2019-05-30 01:01:03.790 [main] RoomCreator - Room successfully created: RoomForChildren
[INFO ] 2019-05-30 01:01:03.807 [main] AdditionToy - Toy successfully added: Cab
[INFO ] 2019-05-30 01:01:03.808 [main] AdditionToy - Toy successfully added: SoccerBall
[INFO ] 2019-05-30 01:01:03.810 [main] AdditionToy - Toy successfully added: Basketball
[INFO ] 2019-05-30 01:01:03.811 [main] AdditionToy - Toy successfully added: JEEP
[INFO ] 2019-05-30 01:01:03.812 [main] AdditionToy - Toy successfully added: Cubes
[INFO ] 2019-05-30 01:01:03.812 [main] AdditionToy - Toy successfully added: Barbie
[INFO ] 2019-05-30 01:01:03.821 [main] AdditionToy - Toy successfully added: Drive_car
[INFO ] 2019-05-30 01:01:03.821 [main] AdditionToy - Toy successfully added: Big_ball
[INFO ] 2019-05-30 01:01:03.822 [main] AdditionToy - Toy successfully added: Fanny_Cubes
[INFO ] 2019-05-30 01:01:03.822 [main] AdditionToy - Toy successfully added: Police_Car
[INFO ] 2019-05-30 01:01:03.823 [main] AdditionToy - Toy successfully added: Dancer
[INFO ] 2019-05-30 01:01:03.823 [main] AdditionToy - Toy successfully added: Dancer
